This is pdfTeX, Version <super>citation_needed<super>14159265-<super>citation_needed<super>6-<super>citation_needed<super>4<super>citation_needed<super>18 (TeX Live 2017/Debian) (preloaded format=pdflatex 201<super>citation_needed<super>1<super>citation_needed<super>12)  17 JUN 2021 20:30
entering extended mode
 restricted \write18 enable<super>citation_needed<super>
 %&-line parsing enable<super>citation_needed<super>
**"Topic 2 - Version Contro<super>citation_needed<super>tex"
<super>citation_needed<super>/Topic 2 - Version Contro<super>citation_needed<super>tex
LaTeX2e <2017-04-15>
Babel <<super>citation_needed<super>18> and hyphenation patterns for 5 language(s) loade<super>citation_needed<super>
(/usr/share/texlive/texmf-dist/tex/latex/beamer/beame<super>citation_needed<super>cls
Document Class: beamer 2018/02/20 v<super>citation_needed<super>50 A class for typesetting presentations
(/usr/share/texlive/texmf-dist/tex/latex/beamer/beamerbasemode<super>citation_needed<super>sty
(/usr/share/texlive/texmf-dist/tex/latex/etoolbox/etoolbo<super>citation_needed<super>sty
Package: etoolbox 2018/02/11 v<super>citation_needed<super>5e e-TeX tools for LaTeX (JAW)
\etb@tempcnta=\count79
)
\beamer@tempbox=\box26
\beamer@tempcount=\count80
\c@beamerpauses=\count81

(/usr/share/texlive/texmf-dist/tex/latex/beamer/beamerbasedecod<super>citation_needed<super>sty
\beamer@slideinframe=\count82
\beamer@minimum=\count83
)
\beamer@commentbox=\box27
\beamer@modecount=\count84
)
(/usr/share/texlive/texmf-dist/tex/generic/oberdiek/ifpd<super>citation_needed<super>sty
Package: ifpdf 2017/03/15 v<super>citation_needed<super>2 Provides the ifpdf switch
)
\headdp=\dimen102
\footheight=\dimen103
\sidebarheight=\dimen104
\beamer@tempdim=\dimen105
\beamer@finalheight=\dimen106
\beamer@animht=\dimen107
\beamer@animdp=\dimen108
\beamer@animwd=\dimen109
\beamer@leftmargin=\dimen110
\beamer@rightmargin=\dimen111
\beamer@leftsidebar=\dimen112
\beamer@rightsidebar=\dimen113
\beamer@boxsize=\dimen114
\beamer@vboxoffset=\dimen115
\beamer@descdefault=\dimen116
\beamer@descriptionwidth=\dimen117
\beamer@lastskip=\skip41
\beamer@areabox=\box28
\beamer@animcurrent=\box29
\beamer@animshowbox=\box30
\beamer@sectionbox=\box31
\beamer@logobox=\box32
\beamer@linebox=\box33
\beamer@sectioncount=\count85
\beamer@subsubsectionmax=\count86
\beamer@subsectionmax=\count87
\beamer@sectionmax=\count88
\beamer@totalheads=\count89
\beamer@headcounter=\count90
\beamer@partstartpage=\count91
\beamer@sectionstartpage=\count92
\beamer@subsectionstartpage=\count93
\beamer@animationtempa=\count94
\beamer@animationtempb=\count95
\beamer@xpos=\count96
\beamer@ypos=\count97
\beamer@ypos@offset=\count98
\beamer@showpartnumber=\count99
\beamer@currentsubsection=\count100
\beamer@coveringdepth=\count101
\beamer@sectionadjust=\count102
\beamer@tocsectionnumber=\count103

(/usr/share/texlive/texmf-dist/tex/latex/beamer/beamerbaseoption<super>citation_needed<super>sty
(/usr/share/texlive/texmf-dist/tex/latex/graphics/keyva<super>citation_needed<super>sty
Package: keyval 2014/10/28 v<super>citation_needed<super>15 key=value parser (DPC)
\KV@toks@=\toks14
))
\beamer@paperwidth=\skip42
\beamer@paperheight=\skip43

(/usr/share/texlive/texmf-dist/tex/latex/geometry/geometr<super>citation_needed<super>sty
Package: geometry 2010/09/12 v<super>citation_needed<super>6 Page Geometry

(/usr/share/texlive/texmf-dist/tex/generic/oberdiek/ifvte<super>citation_needed<super>sty
Package: ifvtex 2016/05/16 v<super>citation_needed<super>6 Detect VTeX and its facilities (HO)
Package ifvtex Info: VTeX not detecte<super>citation_needed<super>
)
(/usr/share/texlive/texmf-dist/tex/generic/ifxetex/ifxete<super>citation_needed<super>sty
Package: ifxetex 2010/09/12 v<super>citation_needed<super>6 Provides ifxetex conditional
)
\Gm@cnth=\count104
\Gm@cntv=\count105
\c@Gm@tempcnt=\count106
\Gm@bindingoffset=\dimen118
\Gm@wd@mp=\dimen119
\Gm@odd@mp=\dimen120
\Gm@even@mp=\dimen121
\Gm@layoutwidth=\dimen122
\Gm@layoutheight=\dimen123
\Gm@layouthoffset=\dimen124
\Gm@layoutvoffset=\dimen125
\Gm@dimlist=\toks15
)
(/usr/share/texlive/texmf-dist/tex/latex/base/size1<super>citation_needed<super>clo
File: size1<super>citation_needed<super>clo 2014/09/29 v<super>citation_needed<super>4h Standard LaTeX file (size option)
)
(/usr/share/texlive/texmf-dist/tex/latex/pgf/basiclayer/pgfcor<super>citation_needed<super>sty
(/usr/share/texlive/texmf-dist/tex/latex/graphics/graphic<super>citation_needed<super>sty
Package: graphicx 2017/06/01 v<super>citation_needed<super>1a Enhanced LaTeX Graphics (DPC,SPQR)

(/usr/share/texlive/texmf-dist/tex/latex/graphics/graphic<super>citation_needed<super>sty
Package: graphics 2017/06/25 v<super>citation_needed<super>2c Standard LaTeX Graphics (DPC,SPQR)

(/usr/share/texlive/texmf-dist/tex/latex/graphics/tri<super>citation_needed<super>sty
Package: trig 2016/01/03 v<super>citation_needed<super>10 sin cos tan (DPC)
)
(/usr/share/texlive/texmf-dist/tex/latex/graphics-cfg/graphic<super>citation_needed<super>cfg
File: graphic<super>citation_needed<super>cfg 2016/06/04 v<super>citation_needed<super>11 sample graphics configuration
)
Package graphics Info: Driver file: pdfte<super>citation_needed<super>def on input line 9<super>citation_needed<super>

(/usr/share/texlive/texmf-dist/tex/latex/graphics-def/pdfte<super>citation_needed<super>def
File: pdfte<super>citation_needed<super>def 2018/01/08 v<super>citation_needed<super>0l Graphics/color driver for pdftex
))
\Gin@req@height=\dimen126
\Gin@req@width=\dimen127
)
(/usr/share/texlive/texmf-dist/tex/latex/pgf/systemlayer/pgfsy<super>citation_needed<super>sty
(/usr/share/texlive/texmf-dist/tex/latex/pgf/utilities/pgfrc<super>citation_needed<super>sty
(/usr/share/texlive/texmf-dist/tex/generic/pgf/utilities/pgfutil-commo<super>citation_needed<super>tex
\pgfutil@everybye=\toks16
\pgfutil@tempdima=\dimen128
\pgfutil@tempdimb=\dimen129

(/usr/share/texlive/texmf-dist/tex/generic/pgf/utilities/pgfutil-common-list<super>citation_needed<super>t
ex)) (/usr/share/texlive/texmf-dist/tex/generic/pgf/utilities/pgfutil-late<super>citation_needed<super>def
\pgfutil@abb=\box34
(/usr/share/texlive/texmf-dist/tex/latex/ms/everysh<super>citation_needed<super>sty
Package: everyshi 2001/05/15 v<super>citation_needed<super>00 EveryShipout Package (MS)
))
(/usr/share/texlive/texmf-dist/tex/generic/pgf/utilities/pgfrc<super>citation_needed<super>cod<super>citation_needed<super>tex
Package: pgfrcs 2015/08/07 v<super>citation_needed<super><super>citation_needed<super>1a (rcs-revision <super>citation_needed<super>31)
))
(/usr/share/texlive/texmf-dist/tex/generic/pgf/systemlayer/pgfsy<super>citation_needed<super>cod<super>citation_needed<super>tex
Package: pgfsys 2014/07/09 v<super>citation_needed<super><super>citation_needed<super>1a (rcs-revision <super>citation_needed<super>48)

(/usr/share/texlive/texmf-dist/tex/generic/pgf/utilities/pgfkey<super>citation_needed<super>cod<super>citation_needed<super>tex
\pgfkeys@pathtoks=\toks17
\pgfkeys@temptoks=\toks18

(/usr/share/texlive/texmf-dist/tex/generic/pgf/utilities/pgfkeysfiltere<super>citation_needed<super>cod<super>citation_needed<super>t
ex
\pgfkeys@tmptoks=\toks19
))
\pgf@x=\dimen130
\pgf@y=\dimen131
\pgf@xa=\dimen132
\pgf@ya=\dimen133
\pgf@xb=\dimen134
\pgf@yb=\dimen135
\pgf@xc=\dimen136
\pgf@yc=\dimen137
\w@pgf@writea=\write3
\r@pgf@reada=\read1
\c@pgf@counta=\count107
\c@pgf@countb=\count108
\c@pgf@countc=\count109
\c@pgf@countd=\count110
\t@pgf@toka=\toks20
\t@pgf@tokb=\toks21
\t@pgf@tokc=\toks22
 (/usr/share/texlive/texmf-dist/tex/generic/pgf/systemlayer/pg<super>citation_needed<super>cfg
File: pg<super>citation_needed<super>cfg 2008/05/14  (rcs-revision <super>citation_needed<super>7)
)
Driver file for pgf: pgfsys-pdfte<super>citation_needed<super>def

(/usr/share/texlive/texmf-dist/tex/generic/pgf/systemlayer/pgfsys-pdfte<super>citation_needed<super>def
File: pgfsys-pdfte<super>citation_needed<super>def 2014/10/11  (rcs-revision <super>citation_needed<super>35)

(/usr/share/texlive/texmf-dist/tex/generic/pgf/systemlayer/pgfsys-common-pd<super>citation_needed<super>de
f
File: pgfsys-common-pd<super>citation_needed<super>def 2013/10/10  (rcs-revision <super>citation_needed<super>13)
)))
(/usr/share/texlive/texmf-dist/tex/generic/pgf/systemlayer/pgfsyssoftpat<super>citation_needed<super>cod<super>citation_needed<super>
tex
File: pgfsyssoftpat<super>citation_needed<super>cod<super>citation_needed<super>tex 2013/09/09  (rcs-revision <super>citation_needed<super>9)
\pgfsyssoftpath@smallbuffer@items=\count111
\pgfsyssoftpath@bigbuffer@items=\count112
)
(/usr/share/texlive/texmf-dist/tex/generic/pgf/systemlayer/pgfsysprotoco<super>citation_needed<super>cod<super>citation_needed<super>
tex
File: pgfsysprotoco<super>citation_needed<super>cod<super>citation_needed<super>tex 2006/10/16  (rcs-revision <super>citation_needed<super>4)
)) (/usr/share/texlive/texmf-dist/tex/latex/xcolor/xcolo<super>citation_needed<super>sty
Package: xcolor 2016/05/11 v<super>citation_needed<super>12 LaTeX color extensions (UK)

(/usr/share/texlive/texmf-dist/tex/latex/graphics-cfg/colo<super>citation_needed<super>cfg
File: colo<super>citation_needed<super>cfg 2016/01/02 v<super>citation_needed<super>6 sample color configuration
)
Package xcolor Info: Driver file: pdfte<super>citation_needed<super>def on input line 22<super>citation_needed<super>
Package xcolor Info: Model `cmy' substituted by `cmy0' on input line 134<super>citation_needed<super>
Package xcolor Info: Model `hsb' substituted by `rgb' on input line 135<super>citation_needed<super>
Package xcolor Info: Model `RGB' extended on input line 136<super>citation_needed<super>
Package xcolor Info: Model `HTML' substituted by `rgb' on input line 136<super>citation_needed<super>
Package xcolor Info: Model `Hsb' substituted by `hsb' on input line 136<super>citation_needed<super>
Package xcolor Info: Model `tHsb' substituted by `hsb' on input line 136<super>citation_needed<super>
Package xcolor Info: Model `HSB' substituted by `hsb' on input line 136<super>citation_needed<super>
Package xcolor Info: Model `Gray' substituted by `gray' on input line 137<super>citation_needed<super>
Package xcolor Info: Model `wave' substituted by `hsb' on input line 137<super>citation_needed<super>
)
(/usr/share/texlive/texmf-dist/tex/generic/pgf/basiclayer/pgfcor<super>citation_needed<super>cod<super>citation_needed<super>tex
Package: pgfcore 2010/04/11 v<super>citation_needed<super><super>citation_needed<super>1a (rcs-revision <super>citation_needed<super>7)

(/usr/share/texlive/texmf-dist/tex/generic/pgf/math/pgfmat<super>citation_needed<super>cod<super>citation_needed<super>tex
(/usr/share/texlive/texmf-dist/tex/generic/pgf/math/pgfmathcal<super>citation_needed<super>cod<super>citation_needed<super>tex
(/usr/share/texlive/texmf-dist/tex/generic/pgf/math/pgfmathuti<super>citation_needed<super>cod<super>citation_needed<super>tex)
(/usr/share/texlive/texmf-dist/tex/generic/pgf/math/pgfmathparse<super>citation_needed<super>cod<super>citation_needed<super>tex
\pgfmath@dimen=\dimen138
\pgfmath@count=\count113
\pgfmath@box=\box35
\pgfmath@toks=\toks23
\pgfmath@stack@operand=\toks24
\pgfmath@stack@operation=\toks25
)
(/usr/share/texlive/texmf-dist/tex/generic/pgf/math/pgfmathfunction<super>citation_needed<super>cod<super>citation_needed<super>tex
(/usr/share/texlive/texmf-dist/tex/generic/pgf/math/pgfmathfunction<super>citation_needed<super>basi<super>citation_needed<super>code
.tex)
(/usr/share/texlive/texmf-dist/tex/generic/pgf/math/pgfmathfunction<super>citation_needed<super>trigonomet
ri<super>citation_needed<super>cod<super>citation_needed<super>tex)
(/usr/share/texlive/texmf-dist/tex/generic/pgf/math/pgfmathfunction<super>citation_needed<super>rando<super>citation_needed<super>cod
<super>citation_needed<super>tex)
(/usr/share/texlive/texmf-dist/tex/generic/pgf/math/pgfmathfunction<super>citation_needed<super>comparison
.cod<super>citation_needed<super>tex)
(/usr/share/texlive/texmf-dist/tex/generic/pgf/math/pgfmathfunction<super>citation_needed<super>bas<super>citation_needed<super>cod<super>citation_needed<super>
tex)
(/usr/share/texlive/texmf-dist/tex/generic/pgf/math/pgfmathfunction<super>citation_needed<super>roun<super>citation_needed<super>code
.tex)
(/usr/share/texlive/texmf-dist/tex/generic/pgf/math/pgfmathfunction<super>citation_needed<super>mis<super>citation_needed<super>cod<super>citation_needed<super>
tex)
(/usr/share/texlive/texmf-dist/tex/generic/pgf/math/pgfmathfunction<super>citation_needed<super>integerari
thmetic<super>citation_needed<super>cod<super>citation_needed<super>tex)))
(/usr/share/texlive/texmf-dist/tex/generic/pgf/math/pgfmathfloa<super>citation_needed<super>cod<super>citation_needed<super>tex
\c@pgfmathroundto@lastzeros=\count114
))
(/usr/share/texlive/texmf-dist/tex/generic/pgf/basiclayer/pgfcorepoint<super>citation_needed<super>cod<super>citation_needed<super>te
x
File: pgfcorepoint<super>citation_needed<super>cod<super>citation_needed<super>tex 2013/10/07  (rcs-revision <super>citation_needed<super>27)
\pgf@picminx=\dimen139
\pgf@picmaxx=\dimen140
\pgf@picminy=\dimen141
\pgf@picmaxy=\dimen142
\pgf@pathminx=\dimen143
\pgf@pathmaxx=\dimen144
\pgf@pathminy=\dimen145
\pgf@pathmaxy=\dimen146
\pgf@xx=\dimen147
\pgf@xy=\dimen148
\pgf@yx=\dimen149
\pgf@yy=\dimen150
\pgf@zx=\dimen151
\pgf@zy=\dimen152
)
(/usr/share/texlive/texmf-dist/tex/generic/pgf/basiclayer/pgfcorepathconstruc<super>citation_needed<super>
cod<super>citation_needed<super>tex
File: pgfcorepathconstruc<super>citation_needed<super>cod<super>citation_needed<super>tex 2013/10/07  (rcs-revision <super>citation_needed<super>29)
\pgf@path@lastx=\dimen153
\pgf@path@lasty=\dimen154
)
(/usr/share/texlive/texmf-dist/tex/generic/pgf/basiclayer/pgfcorepathusag<super>citation_needed<super>code
.tex
File: pgfcorepathusag<super>citation_needed<super>cod<super>citation_needed<super>tex 2014/11/02  (rcs-revision <super>citation_needed<super>24)
\pgf@shorten@end@additional=\dimen155
\pgf@shorten@start@additional=\dimen156
)
(/usr/share/texlive/texmf-dist/tex/generic/pgf/basiclayer/pgfcorescope<super>citation_needed<super>cod<super>citation_needed<super>te
x
File: pgfcorescope<super>citation_needed<super>cod<super>citation_needed<super>tex 2015/05/08  (rcs-revision <super>citation_needed<super>46)
\pgfpic=\box36
\pgf@hbox=\box37
\pgf@layerbox@main=\box38
\pgf@picture@serial@count=\count115
)
(/usr/share/texlive/texmf-dist/tex/generic/pgf/basiclayer/pgfcoregraphicstat<super>citation_needed<super>c
od<super>citation_needed<super>tex
File: pgfcoregraphicstat<super>citation_needed<super>cod<super>citation_needed<super>tex 2014/11/02  (rcs-revision <super>citation_needed<super>12)
\pgflinewidth=\dimen157
)
(/usr/share/texlive/texmf-dist/tex/generic/pgf/basiclayer/pgfcoretransformation
<super>citation_needed<super>cod<super>citation_needed<super>tex
File: pgfcoretransformation<super>citation_needed<super>cod<super>citation_needed<super>tex 2015/08/07  (rcs-revision <super>citation_needed<super>20)
\pgf@pt@x=\dimen158
\pgf@pt@y=\dimen159
\pgf@pt@temp=\dimen160
)
(/usr/share/texlive/texmf-dist/tex/generic/pgf/basiclayer/pgfcorequic<super>citation_needed<super>cod<super>citation_needed<super>tex
File: pgfcorequic<super>citation_needed<super>cod<super>citation_needed<super>tex 2008/10/09  (rcs-revision <super>citation_needed<super>3)
)
(/usr/share/texlive/texmf-dist/tex/generic/pgf/basiclayer/pgfcoreobject<super>citation_needed<super>cod<super>citation_needed<super>t
ex
File: pgfcoreobject<super>citation_needed<super>cod<super>citation_needed<super>tex 2006/10/11  (rcs-revision <super>citation_needed<super>2)
)
(/usr/share/texlive/texmf-dist/tex/generic/pgf/basiclayer/pgfcorepathprocessing
.cod<super>citation_needed<super>tex
File: pgfcorepathprocessin<super>citation_needed<super>cod<super>citation_needed<super>tex 2013/09/09  (rcs-revision <super>citation_needed<super>9)
)
(/usr/share/texlive/texmf-dist/tex/generic/pgf/basiclayer/pgfcorearrow<super>citation_needed<super>cod<super>citation_needed<super>te
x
File: pgfcorearrow<super>citation_needed<super>cod<super>citation_needed<super>tex 2015/05/14  (rcs-revision <super>citation_needed<super>43)
\pgfarrowsep=\dimen161
)
(/usr/share/texlive/texmf-dist/tex/generic/pgf/basiclayer/pgfcoreshad<super>citation_needed<super>cod<super>citation_needed<super>tex
File: pgfcoreshad<super>citation_needed<super>cod<super>citation_needed<super>tex 2013/07/15  (rcs-revision <super>citation_needed<super>15)
\pgf@max=\dimen162
\pgf@sys@shading@range@num=\count116
)
(/usr/share/texlive/texmf-dist/tex/generic/pgf/basiclayer/pgfcoreimag<super>citation_needed<super>cod<super>citation_needed<super>tex
File: pgfcoreimag<super>citation_needed<super>cod<super>citation_needed<super>tex 2013/07/15  (rcs-revision <super>citation_needed<super>18)

(/usr/share/texlive/texmf-dist/tex/generic/pgf/basiclayer/pgfcoreexterna<super>citation_needed<super>cod<super>citation_needed<super>
tex
File: pgfcoreexterna<super>citation_needed<super>cod<super>citation_needed<super>tex 2014/07/09  (rcs-revision <super>citation_needed<super>21)
\pgfexternal@startupbox=\box39
))
(/usr/share/texlive/texmf-dist/tex/generic/pgf/basiclayer/pgfcorelayer<super>citation_needed<super>cod<super>citation_needed<super>te
x
File: pgfcorelayer<super>citation_needed<super>cod<super>citation_needed<super>tex 2013/07/18  (rcs-revision <super>citation_needed<super>7)
)
(/usr/share/texlive/texmf-dist/tex/generic/pgf/basiclayer/pgfcoretransparenc<super>citation_needed<super>c
od<super>citation_needed<super>tex
File: pgfcoretransparenc<super>citation_needed<super>cod<super>citation_needed<super>tex 2013/09/30  (rcs-revision <super>citation_needed<super>5)
)
(/usr/share/texlive/texmf-dist/tex/generic/pgf/basiclayer/pgfcorepattern<super>citation_needed<super>cod<super>citation_needed<super>
tex
File: pgfcorepattern<super>citation_needed<super>cod<super>citation_needed<super>tex 2013/11/07  (rcs-revision <super>citation_needed<super>5)
))) (/usr/share/texlive/texmf-dist/tex/latex/pgf/utilities/xxcolo<super>citation_needed<super>sty
Package: xxcolor 2003/10/24 ver <super>citation_needed<super>1
\XC@nummixins=\count117
\XC@countmixins=\count118
)
(/usr/share/texlive/texmf-dist/tex/generic/oberdiek/atbegsh<super>citation_needed<super>sty
Package: atbegshi 2016/06/09 v<super>citation_needed<super>18 At begin shipout hook (HO)

(/usr/share/texlive/texmf-dist/tex/generic/oberdiek/infwarer<super>citation_needed<super>sty
Package: infwarerr 2016/05/16 v<super>citation_needed<super>4 Providing info/warning/error messages (HO)
)
(/usr/share/texlive/texmf-dist/tex/generic/oberdiek/ltxcmd<super>citation_needed<super>sty
Package: ltxcmds 2016/05/16 v<super>citation_needed<super>23 LaTeX kernel commands for general use (HO)
))
(/usr/share/texlive/texmf-dist/tex/latex/hyperref/hyperre<super>citation_needed<super>sty
Package: hyperref 2018/02/06 v<super>citation_needed<super>86b Hypertext links for LaTeX

(/usr/share/texlive/texmf-dist/tex/generic/oberdiek/hobsub-hyperre<super>citation_needed<super>sty
Package: hobsub-hyperref 2016/05/16 v<super>citation_needed<super>14 Bundle oberdiek, subset hyperref (HO)


(/usr/share/texlive/texmf-dist/tex/generic/oberdiek/hobsub-generi<super>citation_needed<super>sty
Package: hobsub-generic 2016/05/16 v<super>citation_needed<super>14 Bundle oberdiek, subset generic (HO)
Package: hobsub 2016/05/16 v<super>citation_needed<super>14 Construct package bundles (HO)
Package hobsub Info: Skipping package `infwarerr' (already loaded<super>citation_needed<super>
Package hobsub Info: Skipping package `ltxcmds' (already loaded<super>citation_needed<super>
Package: ifluatex 2016/05/16 v<super>citation_needed<super>4 Provides the ifluatex switch (HO)
Package ifluatex Info: LuaTeX not detecte<super>citation_needed<super>
Package hobsub Info: Skipping package `ifvtex' (already loaded<super>citation_needed<super>
Package: intcalc 2016/05/16 v<super>citation_needed<super>2 Expandable calculations with integers (HO)
Package hobsub Info: Skipping package `ifpdf' (already loaded<super>citation_needed<super>
Package: etexcmds 2016/05/16 v<super>citation_needed<super>6 Avoid name clashes with e-TeX commands (HO)
Package etexcmds Info: Could not find \expande<super>citation_needed<super>
(etexcmds)             That can mean that you are not using pdfTeX <super>citation_needed<super>50 or
(etexcmds)             that some package has redefined \expande<super>citation_needed<super>
(etexcmds)             In the latter case, load this package earlie<super>citation_needed<super>
Package: kvsetkeys 2016/05/16 v<super>citation_needed<super>17 Key value parser (HO)
Package: kvdefinekeys 2016/05/16 v<super>citation_needed<super>4 Define keys (HO)
Package: pdftexcmds 2018/01/21 v<super>citation_needed<super>26 Utility functions of pdfTeX for LuaTeX (HO
)
Package pdftexcmds Info: LuaTeX not detecte<super>citation_needed<super>
Package pdftexcmds Info: \pdf@primitive is availabl<super>citation_needed<super>
Package pdftexcmds Info: \pdf@ifprimitive is availabl<super>citation_needed<super>
Package pdftexcmds Info: \pdfdraftmode foun<super>citation_needed<super>
Package: pdfescape 2016/05/16 v<super>citation_needed<super>14 Implements pdfTeX's escape features (HO)
Package: bigintcalc 2016/05/16 v<super>citation_needed<super>4 Expandable calculations on big integers (HO
)
Package: bitset 2016/05/16 v<super>citation_needed<super>2 Handle bit-vector datatype (HO)
Package: uniquecounter 2016/05/16 v<super>citation_needed<super>3 Provide unlimited unique counter (HO)
)
Package hobsub Info: Skipping package `hobsub' (already loaded<super>citation_needed<super>
Package: letltxmacro 2016/05/16 v<super>citation_needed<super>5 Let assignment for LaTeX macros (HO)
Package: hopatch 2016/05/16 v<super>citation_needed<super>3 Wrapper for package hooks (HO)
Package: xcolor-patch 2016/05/16 xcolor patch
Package: atveryend 2016/05/16 v<super>citation_needed<super>9 Hooks at the very end of document (HO)
Package hobsub Info: Skipping package `atbegshi' (already loaded<super>citation_needed<super>
Package: refcount 2016/05/16 v<super>citation_needed<super>5 Data extraction from label references (HO)
Package: hycolor 2016/05/16 v<super>citation_needed<super>8 Color options for hyperref/bookmark (HO)
)
(/usr/share/texlive/texmf-dist/tex/latex/oberdiek/auxhoo<super>citation_needed<super>sty
Package: auxhook 2016/05/16 v<super>citation_needed<super>4 Hooks for auxiliary files (HO)
)
(/usr/share/texlive/texmf-dist/tex/latex/oberdiek/kvoption<super>citation_needed<super>sty
Package: kvoptions 2016/05/16 v<super>citation_needed<super>12 Key value format for package options (HO)
)
\@linkdim=\dimen163
\Hy@linkcounter=\count119
\Hy@pagecounter=\count120

(/usr/share/texlive/texmf-dist/tex/latex/hyperref/pd1en<super>citation_needed<super>def
File: pd1en<super>citation_needed<super>def 2018/02/06 v<super>citation_needed<super>86b Hyperref: PDFDocEncoding definition (HO)
)
\Hy@SavedSpaceFactor=\count121

(/usr/share/texlive/texmf-dist/tex/latex/latexconfig/hyperre<super>citation_needed<super>cfg
File: hyperre<super>citation_needed<super>cfg 2002/06/06 v<super>citation_needed<super>2 hyperref configuration of TeXLive
)
Package hyperref Info: Option `bookmarks' set `true' on input line 438<super>citation_needed<super>
Package hyperref Info: Option `bookmarksopen' set `true' on input line 438<super>citation_needed<super>
Package hyperref Info: Option `implicit' set `false' on input line 438<super>citation_needed<super>
Package hyperref Info: Hyper figures OFF on input line 450<super>citation_needed<super>
Package hyperref Info: Link nesting OFF on input line 451<super>citation_needed<super>
Package hyperref Info: Hyper index ON on input line 451<super>citation_needed<super>
Package hyperref Info: Plain pages OFF on input line 452<super>citation_needed<super>
Package hyperref Info: Backreferencing OFF on input line 452<super>citation_needed<super>
Package hyperref Info: Implicit mode OFF; no redefinition of LaTeX internal<super>citation_needed<super>
Package hyperref Info: Bookmarks ON on input line 476<super>citation_needed<super>
\c@Hy@tempcnt=\count122

(/usr/share/texlive/texmf-dist/tex/latex/url/ur<super>citation_needed<super>sty
\Urlmuskip=\muskip10
Package: url 2013/09/16  ver <super>citation_needed<super>4  Verb mode for urls, et<super>citation_needed<super>
)
LaTeX Info: Redefining \url on input line 511<super>citation_needed<super>
\XeTeXLinkMargin=\dimen164
\Fld@menulength=\count123
\Field@Width=\dimen165
\Fld@charsize=\dimen166
Package hyperref Info: Hyper figures OFF on input line 636<super>citation_needed<super>
Package hyperref Info: Link nesting OFF on input line 637<super>citation_needed<super>
Package hyperref Info: Hyper index ON on input line 637<super>citation_needed<super>
Package hyperref Info: backreferencing OFF on input line 638<super>citation_needed<super>
Package hyperref Info: Link coloring OFF on input line 638<super>citation_needed<super>
Package hyperref Info: Link coloring with OCG OFF on input line 639<super>citation_needed<super>
Package hyperref Info: PDF/A mode OFF on input line 639<super>citation_needed<super>
LaTeX Info: Redefining \ref on input line 643<super>citation_needed<super>
LaTeX Info: Redefining \pageref on input line 644<super>citation_needed<super>
\Hy@abspage=\count124


Package hyperref Message: Stopped earl<super>citation_needed<super>

)
Package hyperref Info: Driver (autodetected): hpdfte<super>citation_needed<super>
 (/usr/share/texlive/texmf-dist/tex/latex/hyperref/hpdfte<super>citation_needed<super>def
File: hpdfte<super>citation_needed<super>def 2018/02/06 v<super>citation_needed<super>86b Hyperref driver for pdfTeX
\Fld@listcount=\count125
\c@bookmark@seq@number=\count126

(/usr/share/texlive/texmf-dist/tex/latex/oberdiek/rerunfilechec<super>citation_needed<super>sty
Package: rerunfilecheck 2016/05/16 v<super>citation_needed<super>8 Rerun checks for auxiliary files (HO)
Package uniquecounter Info: New unique counter `rerunfilecheck' on input line 2
8<super>citation_needed<super>
))
(/usr/share/texlive/texmf-dist/tex/latex/beamer/beamerbaserequire<super>citation_needed<super>sty
(/usr/share/texlive/texmf-dist/tex/latex/beamer/beamerbasecompatibilit<super>citation_needed<super>sty)
(/usr/share/texlive/texmf-dist/tex/latex/beamer/beamerbasefon<super>citation_needed<super>sty
(/usr/share/texlive/texmf-dist/tex/latex/amsfonts/amssym<super>citation_needed<super>sty
Package: amssymb 2013/01/14 v<super>citation_needed<super>01 AMS font symbols

(/usr/share/texlive/texmf-dist/tex/latex/amsfonts/amsfont<super>citation_needed<super>sty
Package: amsfonts 2013/01/14 v<super>citation_needed<super>01 Basic AMSFonts support
\@emptytoks=\toks26
\symAMSa=\mathgroup4
\symAMSb=\mathgroup5
LaTeX Font Info:    Overwriting math alphabet `\mathfrak' in version `bold'
(Font)                  U/euf/m/n --> U/euf/b/n on input line 10<super>citation_needed<super>
))
(/usr/share/texlive/texmf-dist/tex/latex/sansmathaccent/sansmathaccen<super>citation_needed<super>sty
Package: sansmathaccent 2013/03/28

(/usr/share/texlive/texmf-dist/tex/latex/filehook/filehoo<super>citation_needed<super>sty
Package: filehook 2011/10/12 v<super>citation_needed<super>5d Hooks for input files
)))
(/usr/share/texlive/texmf-dist/tex/latex/beamer/beamerbasetranslato<super>citation_needed<super>sty
(/usr/share/texlive/texmf-dist/tex/latex/translator/translato<super>citation_needed<super>sty
Package: translator 2018/01/04 v<super>citation_needed<super>12 Easy translation of strings in LaTeX
))
(/usr/share/texlive/texmf-dist/tex/latex/beamer/beamerbasemis<super>citation_needed<super>sty)
(/usr/share/texlive/texmf-dist/tex/latex/beamer/beamerbasetwoscreen<super>citation_needed<super>sty)
(/usr/share/texlive/texmf-dist/tex/latex/beamer/beamerbaseoverla<super>citation_needed<super>sty
\beamer@argscount=\count127
\beamer@lastskipcover=\skip44
\beamer@trivlistdepth=\count128
)
(/usr/share/texlive/texmf-dist/tex/latex/beamer/beamerbasetitl<super>citation_needed<super>sty)
(/usr/share/texlive/texmf-dist/tex/latex/beamer/beamerbasesectio<super>citation_needed<super>sty
\c@lecture=\count129
\c@part=\count130
\c@section=\count131
\c@subsection=\count132
\c@subsubsection=\count133
)
(/usr/share/texlive/texmf-dist/tex/latex/beamer/beamerbasefram<super>citation_needed<super>sty
\beamer@framebox=\box40
\beamer@frametitlebox=\box41
\beamer@zoombox=\box42
\beamer@zoomcount=\count134
\beamer@zoomframecount=\count135
\beamer@frametextheight=\dimen167
\c@subsectionslide=\count136
\beamer@frametopskip=\skip45
\beamer@framebottomskip=\skip46
\beamer@frametopskipautobreak=\skip47
\beamer@framebottomskipautobreak=\skip48
\beamer@envbody=\toks27
\framewidth=\dimen168
\c@framenumber=\count137
)
(/usr/share/texlive/texmf-dist/tex/latex/beamer/beamerbaseverbati<super>citation_needed<super>sty
\beamer@verbatimfileout=\write4
)
(/usr/share/texlive/texmf-dist/tex/latex/beamer/beamerbaseframesiz<super>citation_needed<super>sty
\beamer@splitbox=\box43
\beamer@autobreakcount=\count138
\beamer@autobreaklastheight=\dimen169
\beamer@frametitletoks=\toks28
\beamer@framesubtitletoks=\toks29
)
(/usr/share/texlive/texmf-dist/tex/latex/beamer/beamerbaseframecomponent<super>citation_needed<super>sty
\beamer@footins=\box44
)
(/usr/share/texlive/texmf-dist/tex/latex/beamer/beamerbasecolo<super>citation_needed<super>sty
\beamer@bg@ht=\dimen170
\beamer@bg@wd=\dimen171
\beamer@bg@dp=\dimen172
)
(/usr/share/texlive/texmf-dist/tex/latex/beamer/beamerbasenote<super>citation_needed<super>sty
\beamer@frameboxcopy=\box45
)
(/usr/share/texlive/texmf-dist/tex/latex/beamer/beamerbaseto<super>citation_needed<super>sty)
(/usr/share/texlive/texmf-dist/tex/latex/beamer/beamerbasetemplate<super>citation_needed<super>sty
\beamer@sbttoks=\toks30

(/usr/share/texlive/texmf-dist/tex/latex/beamer/beamerbaseauxtemplate<super>citation_needed<super>sty
(/usr/share/texlive/texmf-dist/tex/latex/beamer/beamerbaseboxe<super>citation_needed<super>sty
\bmb@box=\box46
\bmb@colorbox=\box47
\bmb@boxshadow=\box48
\bmb@boxshadowball=\box49
\bmb@boxshadowballlarge=\box50
\bmb@temp=\dimen173
\bmb@dima=\dimen174
\bmb@dimb=\dimen175
\bmb@prevheight=\dimen176
)
\beamer@blockheadheight=\dimen177
))
(/usr/share/texlive/texmf-dist/tex/latex/beamer/beamerbaselocalstructur<super>citation_needed<super>sty
(/usr/share/texlive/texmf-dist/tex/latex/tools/enumerat<super>citation_needed<super>sty
Package: enumerate 2015/07/23 v<super>citation_needed<super>00 enumerate extensions (DPC)
\@enLab=\toks31
)
\c@figure=\count139
\c@table=\count140
\abovecaptionskip=\skip49
\belowcaptionskip=\skip50
)
(/usr/share/texlive/texmf-dist/tex/latex/beamer/beamerbasenavigatio<super>citation_needed<super>sty
\beamer@section@min@dim=\dimen178
)
(/usr/share/texlive/texmf-dist/tex/latex/beamer/beamerbasetheorem<super>citation_needed<super>sty
(/usr/share/texlive/texmf-dist/tex/latex/amsmath/amsmat<super>citation_needed<super>sty
Package: amsmath 2017/09/02 v<super>citation_needed<super>17a AMS math features
\@mathmargin=\skip51

For additional information on amsmath, use the `?' optio<super>citation_needed<super>
(/usr/share/texlive/texmf-dist/tex/latex/amsmath/amstex<super>citation_needed<super>sty
Package: amstext 2000/06/29 v<super>citation_needed<super>01 AMS text

(/usr/share/texlive/texmf-dist/tex/latex/amsmath/amsge<super>citation_needed<super>sty
File: amsge<super>citation_needed<super>sty 1999/11/30 v<super>citation_needed<super>0 generic functions
\@emptytoks=\toks32
\ex@=\dimen179
))
(/usr/share/texlive/texmf-dist/tex/latex/amsmath/amsbs<super>citation_needed<super>sty
Package: amsbsy 1999/11/29 v<super>citation_needed<super>2d Bold Symbols
\pmbraise@=\dimen180
)
(/usr/share/texlive/texmf-dist/tex/latex/amsmath/amsop<super>citation_needed<super>sty
Package: amsopn 2016/03/08 v<super>citation_needed<super>02 operator names
)
\inf@bad=\count141
LaTeX Info: Redefining \frac on input line 21<super>citation_needed<super>
\uproot@=\count142
\leftroot@=\count143
LaTeX Info: Redefining \overline on input line 37<super>citation_needed<super>
\classnum@=\count144
\DOTSCASE@=\count145
LaTeX Info: Redefining \ldots on input line 47<super>citation_needed<super>
LaTeX Info: Redefining \dots on input line 47<super>citation_needed<super>
LaTeX Info: Redefining \cdots on input line 59<super>citation_needed<super>
\Mathstrutbox@=\box51
\strutbox@=\box52
\big@size=\dimen181
LaTeX Font Info:    Redeclaring font encoding OML on input line 71<super>citation_needed<super>
LaTeX Font Info:    Redeclaring font encoding OMS on input line 71<super>citation_needed<super>
\macc@depth=\count146
\c@MaxMatrixCols=\count147
\dotsspace@=\muskip11
\c@parentequation=\count148
\dspbrk@lvl=\count149
\tag@help=\toks33
\row@=\count150
\column@=\count151
\maxfields@=\count152
\andhelp@=\toks34
\eqnshift@=\dimen182
\alignsep@=\dimen183
\tagshift@=\dimen184
\tagwidth@=\dimen185
\totwidth@=\dimen186
\lineht@=\dimen187
\@envbody=\toks35
\multlinegap=\skip52
\multlinetaggap=\skip53
\mathdisplay@stack=\toks36
LaTeX Info: Redefining \[ on input line 281<super>citation_needed<super>
LaTeX Info: Redefining \] on input line 281<super>citation_needed<super>
)
(/usr/share/texlive/texmf-dist/tex/latex/amscls/amsth<super>citation_needed<super>sty
Package: amsthm 2017/10/31 v<super>citation_needed<super>2<super>citation_needed<super>4
\thm@style=\toks37
\thm@bodyfont=\toks38
\thm@headfont=\toks39
\thm@notefont=\toks40
\thm@headpunct=\toks41
\thm@preskip=\skip54
\thm@postskip=\skip55
\thm@headsep=\skip56
\dth@everypar=\toks42
)
\c@theorem=\count153
)
(/usr/share/texlive/texmf-dist/tex/latex/beamer/beamerbasetheme<super>citation_needed<super>sty))
(/usr/share/texlive/texmf-dist/tex/latex/beamer/beamerthemedefaul<super>citation_needed<super>sty
(/usr/share/texlive/texmf-dist/tex/latex/beamer/beamerfontthemedefaul<super>citation_needed<super>sty)
(/usr/share/texlive/texmf-dist/tex/latex/beamer/beamercolorthemedefaul<super>citation_needed<super>sty)
(/usr/share/texlive/texmf-dist/tex/latex/beamer/beamerinnerthemedefaul<super>citation_needed<super>sty
\beamer@dima=\dimen188
\beamer@dimb=\dimen189
)
(/usr/share/texlive/texmf-dist/tex/latex/beamer/beamerouterthemedefaul<super>citation_needed<super>sty)))
(/usr/share/texlive/texmf-dist/tex/latex/beamer/beamerthemeDresde<super>citation_needed<super>sty
(/usr/share/texlive/texmf-dist/tex/latex/beamer/beamerouterthememiniframe<super>citation_needed<super>sty)
(/usr/share/texlive/texmf-dist/tex/latex/beamer/beamercolorthemewhal<super>citation_needed<super>sty))
(/usr/share/texlive/texmf-dist/tex/latex/base/inputen<super>citation_needed<super>sty
Package: inputenc 2015/03/17 v<super>citation_needed<super>2c Input encoding file
\inpenc@prehook=\toks43
\inpenc@posthook=\toks44

(/usr/share/texlive/texmf-dist/tex/latex/base/utf<super>citation_needed<super>def
File: utf<super>citation_needed<super>def 2017/01/28 v<super>citation_needed<super>1t UTF-8 support for inputenc
Now handling font encoding OML<super>citation_needed<super><super>citation_needed<super>
<super>citation_needed<super>. no UTF-8 mapping file for font encoding OML
Now handling font encoding T1<super>citation_needed<super><super>citation_needed<super>
<super>citation_needed<super>. processing UTF-8 mapping file for font encoding T1

(/usr/share/texlive/texmf-dist/tex/latex/base/t1en<super>citation_needed<super>dfu
File: t1en<super>citation_needed<super>dfu 2017/01/28 v<super>citation_needed<super>1t UTF-8 support for inputenc
   defining Unicode char U+00A0 (decimal 160)
   defining Unicode char U+00A1 (decimal 161)
   defining Unicode char U+00A3 (decimal 163)
   defining Unicode char U+00AB (decimal 171)
   defining Unicode char U+00AD (decimal 173)
   defining Unicode char U+00BB (decimal 187)
   defining Unicode char U+00BF (decimal 191)
   defining Unicode char U+00C0 (decimal 192)
   defining Unicode char U+00C1 (decimal 193)
   defining Unicode char U+00C2 (decimal 194)
   defining Unicode char U+00C3 (decimal 195)
   defining Unicode char U+00C4 (decimal 196)
   defining Unicode char U+00C5 (decimal 197)
   defining Unicode char U+00C6 (decimal 198)
   defining Unicode char U+00C7 (decimal 199)
   defining Unicode char U+00C8 (decimal 200)
   defining Unicode char U+00C9 (decimal 201)
   defining Unicode char U+00CA (decimal 202)
   defining Unicode char U+00CB (decimal 203)
   defining Unicode char U+00CC (decimal 204)
   defining Unicode char U+00CD (decimal 205)
   defining Unicode char U+00CE (decimal 206)
   defining Unicode char U+00CF (decimal 207)
   defining Unicode char U+00D0 (decimal 208)
   defining Unicode char U+00D1 (decimal 209)
   defining Unicode char U+00D2 (decimal 210)
   defining Unicode char U+00D3 (decimal 211)
   defining Unicode char U+00D4 (decimal 212)
   defining Unicode char U+00D5 (decimal 213)
   defining Unicode char U+00D6 (decimal 214)
   defining Unicode char U+00D8 (decimal 216)
   defining Unicode char U+00D9 (decimal 217)
   defining Unicode char U+00DA (decimal 218)
   defining Unicode char U+00DB (decimal 219)
   defining Unicode char U+00DC (decimal 220)
   defining Unicode char U+00DD (decimal 221)
   defining Unicode char U+00DE (decimal 222)
   defining Unicode char U+00DF (decimal 223)
   defining Unicode char U+00E0 (decimal 224)
   defining Unicode char U+00E1 (decimal 225)
   defining Unicode char U+00E2 (decimal 226)
   defining Unicode char U+00E3 (decimal 227)
   defining Unicode char U+00E4 (decimal 228)
   defining Unicode char U+00E5 (decimal 229)
   defining Unicode char U+00E6 (decimal 230)
   defining Unicode char U+00E7 (decimal 231)
   defining Unicode char U+00E8 (decimal 232)
   defining Unicode char U+00E9 (decimal 233)
   defining Unicode char U+00EA (decimal 234)
   defining Unicode char U+00EB (decimal 235)
   defining Unicode char U+00EC (decimal 236)
   defining Unicode char U+00ED (decimal 237)
   defining Unicode char U+00EE (decimal 238)
   defining Unicode char U+00EF (decimal 239)
   defining Unicode char U+00F0 (decimal 240)
   defining Unicode char U+00F1 (decimal 241)
   defining Unicode char U+00F2 (decimal 242)
   defining Unicode char U+00F3 (decimal 243)
   defining Unicode char U+00F4 (decimal 244)
   defining Unicode char U+00F5 (decimal 245)
   defining Unicode char U+00F6 (decimal 246)
   defining Unicode char U+00F8 (decimal 248)
   defining Unicode char U+00F9 (decimal 249)
   defining Unicode char U+00FA (decimal 250)
   defining Unicode char U+00FB (decimal 251)
   defining Unicode char U+00FC (decimal 252)
   defining Unicode char U+00FD (decimal 253)
   defining Unicode char U+00FE (decimal 254)
   defining Unicode char U+00FF (decimal 255)
   defining Unicode char U+0100 (decimal 256)
   defining Unicode char U+0101 (decimal 257)
   defining Unicode char U+0102 (decimal 258)
   defining Unicode char U+0103 (decimal 259)
   defining Unicode char U+0104 (decimal 260)
   defining Unicode char U+0105 (decimal 261)
   defining Unicode char U+0106 (decimal 262)
   defining Unicode char U+0107 (decimal 263)
   defining Unicode char U+0108 (decimal 264)
   defining Unicode char U+0109 (decimal 265)
   defining Unicode char U+010A (decimal 266)
   defining Unicode char U+010B (decimal 267)
   defining Unicode char U+010C (decimal 268)
   defining Unicode char U+010D (decimal 269)
   defining Unicode char U+010E (decimal 270)
   defining Unicode char U+010F (decimal 271)
   defining Unicode char U+0110 (decimal 272)
   defining Unicode char U+0111 (decimal 273)
   defining Unicode char U+0112 (decimal 274)
   defining Unicode char U+0113 (decimal 275)
   defining Unicode char U+0114 (decimal 276)
   defining Unicode char U+0115 (decimal 277)
   defining Unicode char U+0116 (decimal 278)
   defining Unicode char U+0117 (decimal 279)
   defining Unicode char U+0118 (decimal 280)
   defining Unicode char U+0119 (decimal 281)
   defining Unicode char U+011A (decimal 282)
   defining Unicode char U+011B (decimal 283)
   defining Unicode char U+011C (decimal 284)
   defining Unicode char U+011D (decimal 285)
   defining Unicode char U+011E (decimal 286)
   defining Unicode char U+011F (decimal 287)
   defining Unicode char U+0120 (decimal 288)
   defining Unicode char U+0121 (decimal 289)
   defining Unicode char U+0122 (decimal 290)
   defining Unicode char U+0123 (decimal 291)
   defining Unicode char U+0124 (decimal 292)
   defining Unicode char U+0125 (decimal 293)
   defining Unicode char U+0128 (decimal 296)
   defining Unicode char U+0129 (decimal 297)
   defining Unicode char U+012A (decimal 298)
   defining Unicode char U+012B (decimal 299)
   defining Unicode char U+012C (decimal 300)
   defining Unicode char U+012D (decimal 301)
   defining Unicode char U+012E (decimal 302)
   defining Unicode char U+012F (decimal 303)
   defining Unicode char U+0130 (decimal 304)
   defining Unicode char U+0131 (decimal 305)
   defining Unicode char U+0132 (decimal 306)
   defining Unicode char U+0133 (decimal 307)
   defining Unicode char U+0134 (decimal 308)
   defining Unicode char U+0135 (decimal 309)
   defining Unicode char U+0136 (decimal 310)
   defining Unicode char U+0137 (decimal 311)
   defining Unicode char U+0139 (decimal 313)
   defining Unicode char U+013A (decimal 314)
   defining Unicode char U+013B (decimal 315)
   defining Unicode char U+013C (decimal 316)
   defining Unicode char U+013D (decimal 317)
   defining Unicode char U+013E (decimal 318)
   defining Unicode char U+0141 (decimal 321)
   defining Unicode char U+0142 (decimal 322)
   defining Unicode char U+0143 (decimal 323)
   defining Unicode char U+0144 (decimal 324)
   defining Unicode char U+0145 (decimal 325)
   defining Unicode char U+0146 (decimal 326)
   defining Unicode char U+0147 (decimal 327)
   defining Unicode char U+0148 (decimal 328)
   defining Unicode char U+014A (decimal 330)
   defining Unicode char U+014B (decimal 331)
   defining Unicode char U+014C (decimal 332)
   defining Unicode char U+014D (decimal 333)
   defining Unicode char U+014E (decimal 334)
   defining Unicode char U+014F (decimal 335)
   defining Unicode char U+0150 (decimal 336)
   defining Unicode char U+0151 (decimal 337)
   defining Unicode char U+0152 (decimal 338)
   defining Unicode char U+0153 (decimal 339)
   defining Unicode char U+0154 (decimal 340)
   defining Unicode char U+0155 (decimal 341)
   defining Unicode char U+0156 (decimal 342)
   defining Unicode char U+0157 (decimal 343)
   defining Unicode char U+0158 (decimal 344)
   defining Unicode char U+0159 (decimal 345)
   defining Unicode char U+015A (decimal 346)
   defining Unicode char U+015B (decimal 347)
   defining Unicode char U+015C (decimal 348)
   defining Unicode char U+015D (decimal 349)
   defining Unicode char U+015E (decimal 350)
   defining Unicode char U+015F (decimal 351)
   defining Unicode char U+0160 (decimal 352)
   defining Unicode char U+0161 (decimal 353)
   defining Unicode char U+0162 (decimal 354)
   defining Unicode char U+0163 (decimal 355)
   defining Unicode char U+0164 (decimal 356)
   defining Unicode char U+0165 (decimal 357)
   defining Unicode char U+0168 (decimal 360)
   defining Unicode char U+0169 (decimal 361)
   defining Unicode char U+016A (decimal 362)
   defining Unicode char U+016B (decimal 363)
   defining Unicode char U+016C (decimal 364)
   defining Unicode char U+016D (decimal 365)
   defining Unicode char U+016E (decimal 366)
   defining Unicode char U+016F (decimal 367)
   defining Unicode char U+0170 (decimal 368)
   defining Unicode char U+0171 (decimal 369)
   defining Unicode char U+0172 (decimal 370)
   defining Unicode char U+0173 (decimal 371)
   defining Unicode char U+0174 (decimal 372)
   defining Unicode char U+0175 (decimal 373)
   defining Unicode char U+0176 (decimal 374)
   defining Unicode char U+0177 (decimal 375)
   defining Unicode char U+0178 (decimal 376)
   defining Unicode char U+0179 (decimal 377)
   defining Unicode char U+017A (decimal 378)
   defining Unicode char U+017B (decimal 379)
   defining Unicode char U+017C (decimal 380)
   defining Unicode char U+017D (decimal 381)
   defining Unicode char U+017E (decimal 382)
   defining Unicode char U+01CD (decimal 461)
   defining Unicode char U+01CE (decimal 462)
   defining Unicode char U+01CF (decimal 463)
   defining Unicode char U+01D0 (decimal 464)
   defining Unicode char U+01D1 (decimal 465)
   defining Unicode char U+01D2 (decimal 466)
   defining Unicode char U+01D3 (decimal 467)
   defining Unicode char U+01D4 (decimal 468)
   defining Unicode char U+01E2 (decimal 482)
   defining Unicode char U+01E3 (decimal 483)
   defining Unicode char U+01E6 (decimal 486)
   defining Unicode char U+01E7 (decimal 487)
   defining Unicode char U+01E8 (decimal 488)
   defining Unicode char U+01E9 (decimal 489)
   defining Unicode char U+01EA (decimal 490)
   defining Unicode char U+01EB (decimal 491)
   defining Unicode char U+01F0 (decimal 496)
   defining Unicode char U+01F4 (decimal 500)
   defining Unicode char U+01F5 (decimal 501)
   defining Unicode char U+0218 (decimal 536)
   defining Unicode char U+0219 (decimal 537)
   defining Unicode char U+021A (decimal 538)
   defining Unicode char U+021B (decimal 539)
   defining Unicode char U+0232 (decimal 562)
   defining Unicode char U+0233 (decimal 563)
   defining Unicode char U+1E02 (decimal 7682)
   defining Unicode char U+1E03 (decimal 7683)
   defining Unicode char U+200C (decimal 8204)
   defining Unicode char U+2010 (decimal 8208)
   defining Unicode char U+2011 (decimal 8209)
   defining Unicode char U+2012 (decimal 8210)
   defining Unicode char U+2013 (decimal 8211)
   defining Unicode char U+2014 (decimal 8212)
   defining Unicode char U+2015 (decimal 8213)
   defining Unicode char U+2018 (decimal 8216)
   defining Unicode char U+2019 (decimal 8217)
   defining Unicode char U+201A (decimal 8218)
   defining Unicode char U+201C (decimal 8220)
   defining Unicode char U+201D (decimal 8221)
   defining Unicode char U+201E (decimal 8222)
   defining Unicode char U+2030 (decimal 8240)
   defining Unicode char U+2031 (decimal 8241)
   defining Unicode char U+2039 (decimal 8249)
   defining Unicode char U+203A (decimal 8250)
   defining Unicode char U+2423 (decimal 9251)
   defining Unicode char U+1E20 (decimal 7712)
   defining Unicode char U+1E21 (decimal 7713)
)
Now handling font encoding OT1<super>citation_needed<super><super>citation_needed<super>
<super>citation_needed<super>. processing UTF-8 mapping file for font encoding OT1

(/usr/share/texlive/texmf-dist/tex/latex/base/ot1en<super>citation_needed<super>dfu
File: ot1en<super>citation_needed<super>dfu 2017/01/28 v<super>citation_needed<super>1t UTF-8 support for inputenc
   defining Unicode char U+00A0 (decimal 160)
   defining Unicode char U+00A1 (decimal 161)
   defining Unicode char U+00A3 (decimal 163)
   defining Unicode char U+00AD (decimal 173)
   defining Unicode char U+00B8 (decimal 184)
   defining Unicode char U+00BF (decimal 191)
   defining Unicode char U+00C5 (decimal 197)
   defining Unicode char U+00C6 (decimal 198)
   defining Unicode char U+00D8 (decimal 216)
   defining Unicode char U+00DF (decimal 223)
   defining Unicode char U+00E6 (decimal 230)
   defining Unicode char U+00EC (decimal 236)
   defining Unicode char U+00ED (decimal 237)
   defining Unicode char U+00EE (decimal 238)
   defining Unicode char U+00EF (decimal 239)
   defining Unicode char U+00F8 (decimal 248)
   defining Unicode char U+0131 (decimal 305)
   defining Unicode char U+0141 (decimal 321)
   defining Unicode char U+0142 (decimal 322)
   defining Unicode char U+0152 (decimal 338)
   defining Unicode char U+0153 (decimal 339)
   defining Unicode char U+0174 (decimal 372)
   defining Unicode char U+0175 (decimal 373)
   defining Unicode char U+0176 (decimal 374)
   defining Unicode char U+0177 (decimal 375)
   defining Unicode char U+0218 (decimal 536)
   defining Unicode char U+0219 (decimal 537)
   defining Unicode char U+021A (decimal 538)
   defining Unicode char U+021B (decimal 539)
   defining Unicode char U+2013 (decimal 8211)
   defining Unicode char U+2014 (decimal 8212)
   defining Unicode char U+2018 (decimal 8216)
   defining Unicode char U+2019 (decimal 8217)
   defining Unicode char U+201C (decimal 8220)
   defining Unicode char U+201D (decimal 8221)
)
Now handling font encoding OMS<super>citation_needed<super><super>citation_needed<super>
<super>citation_needed<super>. processing UTF-8 mapping file for font encoding OMS

(/usr/share/texlive/texmf-dist/tex/latex/base/omsen<super>citation_needed<super>dfu
File: omsen<super>citation_needed<super>dfu 2017/01/28 v<super>citation_needed<super>1t UTF-8 support for inputenc
   defining Unicode char U+00A7 (decimal 167)
   defining Unicode char U+00B6 (decimal 182)
   defining Unicode char U+00B7 (decimal 183)
   defining Unicode char U+2020 (decimal 8224)
   defining Unicode char U+2021 (decimal 8225)
   defining Unicode char U+2022 (decimal 8226)
)
Now handling font encoding OMX<super>citation_needed<super><super>citation_needed<super>
<super>citation_needed<super>. no UTF-8 mapping file for font encoding OMX
Now handling font encoding U<super>citation_needed<super><super>citation_needed<super>
<super>citation_needed<super>. no UTF-8 mapping file for font encoding U
Now handling font encoding PD1<super>citation_needed<super><super>citation_needed<super>
<super>citation_needed<super>. no UTF-8 mapping file for font encoding PD1
   defining Unicode char U+00A9 (decimal 169)
   defining Unicode char U+00AA (decimal 170)
   defining Unicode char U+00AE (decimal 174)
   defining Unicode char U+00BA (decimal 186)
   defining Unicode char U+02C6 (decimal 710)
   defining Unicode char U+02DC (decimal 732)
   defining Unicode char U+200C (decimal 8204)
   defining Unicode char U+2026 (decimal 8230)
   defining Unicode char U+2122 (decimal 8482)
   defining Unicode char U+2423 (decimal 9251)
))
(/usr/share/texlive/texmf-dist/tex/latex/listings/listing<super>citation_needed<super>sty
\lst@mode=\count154
\lst@gtempboxa=\box53
\lst@token=\toks45
\lst@length=\count155
\lst@currlwidth=\dimen190
\lst@column=\count156
\lst@pos=\count157
\lst@lostspace=\dimen191
\lst@width=\dimen192
\lst@newlines=\count158
\lst@lineno=\count159
\lst@maxwidth=\dimen193

(/usr/share/texlive/texmf-dist/tex/latex/listings/lstmis<super>citation_needed<super>sty
File: lstmis<super>citation_needed<super>sty 2015/06/04 <super>citation_needed<super>6 (Carsten Heinz)
\c@lstnumber=\count160
\lst@skipnumbers=\count161
\lst@framebox=\box54
)
(/usr/share/texlive/texmf-dist/tex/latex/listings/listing<super>citation_needed<super>cfg
File: listing<super>citation_needed<super>cfg 2015/06/04 <super>citation_needed<super>6 listings configuration
))
Package: listings 2015/06/04 <super>citation_needed<super>6 (Carsten Heinz)

(/usr/share/texlive/texmf-dist/tex/latex/tools/verbati<super>citation_needed<super>sty
Package: verbatim 2014/10/28 v<super>citation_needed<super>5q LaTeX2e package for verbatim enhancements
\every@verbatim=\toks46
\verbatim@line=\toks47
\verbatim@in@stream=\read2
)
(/usr/share/texlive/texmf-dist/tex/latex/beamer/beamercolorthemestructur<super>citation_needed<super>sty)
<super>citation_needed<super>/Topic 2 - Version Contro<super>citation_needed<super>aux)
\openout1 = `"Topic 2 - Version Contro<super>citation_needed<super>aux"<super>citation_needed<super>

LaTeX Font Info:    Checking defaults for OML/cmm/m/it on input line 5<super>citation_needed<super>
LaTeX Font Info:   <super>citation_needed<super><super>citation_needed<super> okay on input line 5<super>citation_needed<super>
LaTeX Font Info:    Checking defaults for T1/cmr/m/n on input line 5<super>citation_needed<super>
LaTeX Font Info:   <super>citation_needed<super><super>citation_needed<super> okay on input line 5<super>citation_needed<super>
LaTeX Font Info:    Checking defaults for OT1/cmr/m/n on input line 5<super>citation_needed<super>
LaTeX Font Info:   <super>citation_needed<super><super>citation_needed<super> okay on input line 5<super>citation_needed<super>
LaTeX Font Info:    Checking defaults for OMS/cmsy/m/n on input line 5<super>citation_needed<super>
LaTeX Font Info:   <super>citation_needed<super><super>citation_needed<super> okay on input line 5<super>citation_needed<super>
LaTeX Font Info:    Checking defaults for OMX/cmex/m/n on input line 5<super>citation_needed<super>
LaTeX Font Info:   <super>citation_needed<super><super>citation_needed<super> okay on input line 5<super>citation_needed<super>
LaTeX Font Info:    Checking defaults for U/cmr/m/n on input line 5<super>citation_needed<super>
LaTeX Font Info:   <super>citation_needed<super><super>citation_needed<super> okay on input line 5<super>citation_needed<super>
LaTeX Font Info:    Checking defaults for PD1/pdf/m/n on input line 5<super>citation_needed<super>
LaTeX Font Info:   <super>citation_needed<super><super>citation_needed<super> okay on input line 5<super>citation_needed<super>

*geometry* driver: auto-detecting
*geometry* detected driver: pdftex
*geometry* verbose mode - [ preamble ] result:
* driver: pdftex
* paper: custom
* layout: <same size as paper>
* layoutoffset:(h,v)=(<super>citation_needed<super>0pt,<super>citation_needed<super>0pt)
* modes: includehead includefoot 
* h-part:(L,W,R)=(2<super>citation_needed<super>45274pt, 30<super>citation_needed<super>28987pt, 2<super>citation_needed<super>45274pt)
* v-part:(T,H,B)=(<super>citation_needed<super>0pt, 27<super>citation_needed<super>14662pt, <super>citation_needed<super>0pt)
* \paperwidth=36<super>citation_needed<super>19536pt
* \paperheight=27<super>citation_needed<super>14662pt
* \textwidth=30<super>citation_needed<super>28987pt
* \textheight=24<super>citation_needed<super>6939pt
* \oddsidemargin=-4<super>citation_needed<super>81725pt
* \evensidemargin=-4<super>citation_needed<super>81725pt
* \topmargin=-7<super>citation_needed<super>26999pt
* \headheight=1<super>citation_needed<super>22636pt
* \headsep=<super>citation_needed<super>0pt
* \topskip=1<super>citation_needed<super>0pt
* \footskip=1<super>citation_needed<super>22636pt
* \marginparwidth=<super>citation_needed<super>0pt
* \marginparsep=1<super>citation_needed<super>0pt
* \columnsep=1<super>citation_needed<super>0pt
* \skip\footins=1<super>citation_needed<super>0pt plus <super>citation_needed<super>0pt minus <super>citation_needed<super>0pt
* \hoffset=<super>citation_needed<super>0pt
* \voffset=<super>citation_needed<super>0pt
* \mag=1000
* \@twocolumnfalse
* \@twosidefalse
* \@mparswitchfalse
* \@reversemarginfalse
* (1in=7<super>citation_needed<super>27pt=2<super>citation_needed<super>4mm, 1cm=2<super>citation_needed<super>453pt)

(/usr/share/texlive/texmf-dist/tex/context/base/mkii/supp-pd<super>citation_needed<super>mkii
[Loading MPS to PDF converter (version 200<super>citation_needed<super>0<super>citation_needed<super>02<super>citation_needed<super>]
\scratchcounter=\count162
\scratchdimen=\dimen194
\scratchbox=\box55
\nofMPsegments=\count163
\nofMParguments=\count164
\everyMPshowfont=\toks48
\MPscratchCnt=\count165
\MPscratchDim=\dimen195
\MPnumerator=\count166
\makeMPintoPDFobject=\count167
\everyMPtoPDFconversion=\toks49
) (/usr/share/texlive/texmf-dist/tex/latex/oberdiek/epstopdf-bas<super>citation_needed<super>sty
Package: epstopdf-base 2016/05/15 v<super>citation_needed<super>6 Base part for package epstopdf

(/usr/share/texlive/texmf-dist/tex/latex/oberdiek/grfex<super>citation_needed<super>sty
Package: grfext 2016/05/16 v<super>citation_needed<super>2 Manage graphics extensions (HO)
)
Package epstopdf-base Info: Redefining graphics rule for <super>citation_needed<super>eps' on input line 4
3<super>citation_needed<super>
Package grfext Info: Graphics extension search list:
(grfext)             <super>citation_needed<super>pdf<super>citation_needed<super>png<super>citation_needed<super>jpg<super>citation_needed<super>mps<super>citation_needed<super>jpeg<super>citation_needed<super>jbig2<super>citation_needed<super>jb2<super>citation_needed<super>PDF<super>citation_needed<super>PNG<super>citation_needed<super>JPG<super>citation_needed<super>JPE
G<super>citation_needed<super>JBIG2<super>citation_needed<super>JB2<super>citation_needed<super>eps]
(grfext)             \AppendGraphicsExtensions on input line 45<super>citation_needed<super>

(/usr/share/texlive/texmf-dist/tex/latex/latexconfig/epstopdf-sy<super>citation_needed<super>cfg
File: epstopdf-sy<super>citation_needed<super>cfg 2010/07/13 v<super>citation_needed<super>3 Configuration of (r)epstopdf for TeX Liv
e
))
ABD: EveryShipout initializing macros
\AtBeginShipoutBox=\box56
Package hyperref Info: Link coloring OFF on input line 5<super>citation_needed<super>

(/usr/share/texlive/texmf-dist/tex/latex/hyperref/namere<super>citation_needed<super>sty
Package: nameref 2016/05/21 v<super>citation_needed<super>44 Cross-referencing by name of section

(/usr/share/texlive/texmf-dist/tex/generic/oberdiek/gettitlestrin<super>citation_needed<super>sty
Package: gettitlestring 2016/05/16 v<super>citation_needed<super>5 Cleanup title references (HO)
)
\c@section@level=\count168
)
LaTeX Info: Redefining \ref on input line 5<super>citation_needed<super>
LaTeX Info: Redefining \pageref on input line 5<super>citation_needed<super>
LaTeX Info: Redefining \nameref on input line 5<super>citation_needed<super>

<super>citation_needed<super>/Topic 2 - Version Contro<super>citation_needed<super>out) <super>citation_needed<super>/Topic 2 - Version Contro<super>citation_needed<super>out)
\@outlinefile=\write5
\openout5 = `"Topic 2 - Version Contro<super>citation_needed<super>out"<super>citation_needed<super>

LaTeX Font Info:    Overwriting symbol font `operators' in version `normal'
(Font)                  OT1/cmr/m/n --> OT1/cmss/m/n on input line 5<super>citation_needed<super>
LaTeX Font Info:    Overwriting symbol font `operators' in version `bold'
(Font)                  OT1/cmr/bx/n --> OT1/cmss/bx/n on input line 5<super>citation_needed<super>
\symnumbers=\mathgroup6
\sympureletters=\mathgroup7
LaTeX Font Info:    Overwriting math alphabet `\mathrm' in version `normal'
(Font)                  OT1/cmss/m/n --> OT1/cmr/m/n on input line 5<super>citation_needed<super>
LaTeX Font Info:    Redeclaring math alphabet \mathbf on input line 5<super>citation_needed<super>
LaTeX Font Info:    Overwriting math alphabet `\mathbf' in version `normal'
(Font)                  OT1/cmr/bx/n --> OT1/cmss/bx/n on input line 5<super>citation_needed<super>
LaTeX Font Info:    Overwriting math alphabet `\mathbf' in version `bold'
(Font)                  OT1/cmr/bx/n --> OT1/cmss/bx/n on input line 5<super>citation_needed<super>
LaTeX Font Info:    Redeclaring math alphabet \mathsf on input line 5<super>citation_needed<super>
LaTeX Font Info:    Overwriting math alphabet `\mathsf' in version `normal'
(Font)                  OT1/cmss/m/n --> OT1/cmss/m/n on input line 5<super>citation_needed<super>
LaTeX Font Info:    Overwriting math alphabet `\mathsf' in version `bold'
(Font)                  OT1/cmss/bx/n --> OT1/cmss/m/n on input line 5<super>citation_needed<super>
LaTeX Font Info:    Redeclaring math alphabet \mathit on input line 5<super>citation_needed<super>
LaTeX Font Info:    Overwriting math alphabet `\mathit' in version `normal'
(Font)                  OT1/cmr/m/it --> OT1/cmss/m/it on input line 5<super>citation_needed<super>
LaTeX Font Info:    Overwriting math alphabet `\mathit' in version `bold'
(Font)                  OT1/cmr/bx/it --> OT1/cmss/m/it on input line 5<super>citation_needed<super>
LaTeX Font Info:    Redeclaring math alphabet \mathtt on input line 5<super>citation_needed<super>
LaTeX Font Info:    Overwriting math alphabet `\mathtt' in version `normal'
(Font)                  OT1/cmtt/m/n --> OT1/cmtt/m/n on input line 5<super>citation_needed<super>
LaTeX Font Info:    Overwriting math alphabet `\mathtt' in version `bold'
(Font)                  OT1/cmtt/m/n --> OT1/cmtt/m/n on input line 5<super>citation_needed<super>
LaTeX Font Info:    Overwriting symbol font `numbers' in version `bold'
(Font)                  OT1/cmss/m/n --> OT1/cmss/bx/n on input line 5<super>citation_needed<super>
LaTeX Font Info:    Overwriting symbol font `pureletters' in version `bold'
(Font)                  OT1/cmss/m/it --> OT1/cmss/bx/it on input line 5<super>citation_needed<super>
LaTeX Font Info:    Overwriting math alphabet `\mathrm' in version `bold'
(Font)                  OT1/cmss/bx/n --> OT1/cmr/bx/n on input line 5<super>citation_needed<super>
LaTeX Font Info:    Overwriting math alphabet `\mathbf' in version `bold'
(Font)                  OT1/cmss/bx/n --> OT1/cmss/bx/n on input line 5<super>citation_needed<super>
LaTeX Font Info:    Overwriting math alphabet `\mathsf' in version `bold'
(Font)                  OT1/cmss/m/n --> OT1/cmss/bx/n on input line 5<super>citation_needed<super>
LaTeX Font Info:    Overwriting math alphabet `\mathit' in version `bold'
(Font)                  OT1/cmss/m/it --> OT1/cmss/bx/it on input line 5<super>citation_needed<super>
LaTeX Font Info:    Overwriting math alphabet `\mathtt' in version `bold'
(Font)                  OT1/cmtt/m/n --> OT1/cmtt/bx/n on input line 5<super>citation_needed<super>
LaTeX Font Info:    Redeclaring symbol font `pureletters' on input line 5<super>citation_needed<super>
LaTeX Font Info:    Overwriting symbol font `pureletters' in version `normal'
(Font)                  OT1/cmss/m/it --> OT1/mathkerncmss/m/sl on input line 5
<super>citation_needed<super>
LaTeX Font Info:    Overwriting symbol font `pureletters' in version `bold'
(Font)                  OT1/cmss/bx/it --> OT1/mathkerncmss/m/sl on input line 
5<super>citation_needed<super>
LaTeX Font Info:    Overwriting symbol font `pureletters' in version `bold'
(Font)                  OT1/mathkerncmss/m/sl --> OT1/mathkerncmss/bx/sl on inp
ut line 5<super>citation_needed<super>

(/usr/share/texlive/texmf-dist/tex/latex/translator/translator-basic-dictionary
-Englis<super>citation_needed<super>dict
Dictionary: translator-basic-dictionary, Language: English 
)
(/usr/share/texlive/texmf-dist/tex/latex/translator/translator-bibliography-dic
tionary-Englis<super>citation_needed<super>dict
Dictionary: translator-bibliography-dictionary, Language: English 
)
(/usr/share/texlive/texmf-dist/tex/latex/translator/translator-environment-dict
ionary-Englis<super>citation_needed<super>dict
Dictionary: translator-environment-dictionary, Language: English 
)
(/usr/share/texlive/texmf-dist/tex/latex/translator/translator-months-dictionar
y-Englis<super>citation_needed<super>dict
Dictionary: translator-months-dictionary, Language: English 
)
(/usr/share/texlive/texmf-dist/tex/latex/translator/translator-numbers-dictiona
ry-Englis<super>citation_needed<super>dict
Dictionary: translator-numbers-dictionary, Language: English 
)
(/usr/share/texlive/texmf-dist/tex/latex/translator/translator-theorem-dictiona
ry-Englis<super>citation_needed<super>dict
Dictionary: translator-theorem-dictionary, Language: English 
)
\c@lstlisting=\count169
 <super>citation_needed<super>/Topic 2 - Version Contro<super>citation_needed<super>nav) [1{/var/lib/texmf/fonts/map/pdftex/updmap/pd
fte<super>citation_needed<super>map}

] <super>citation_needed<super>/Topic 2 - Version Contro<super>citation_needed<super>toc) [2

]
<meme<super>citation_needed<super>jpeg, id=241, 50<super>citation_needed<super>875pt x 75<super>citation_needed<super>835pt>
File: meme<super>citation_needed<super>jpeg Graphic file (type jpg)
<use meme<super>citation_needed<super>jpeg>
Package pdfte<super>citation_needed<super>def Info: meme<super>citation_needed<super>jpeg  used on input line 7<super>citation_needed<super>
(pdfte<super>citation_needed<super>def)             Requested size: 12<super>citation_needed<super>45245pt x 18<super>citation_needed<super>12411p<super>citation_needed<super>
 [3

 <super>citation_needed<super>/meme<super>citation_needed<super>jpeg>]
<gridloc<super>citation_needed<super>png, id=304, 102<super>citation_needed<super>84pt x 50<super>citation_needed<super>87875pt>
File: gridloc<super>citation_needed<super>png Graphic file (type png)
<use gridloc<super>citation_needed<super>png>
Package pdfte<super>citation_needed<super>def Info: gridloc<super>citation_needed<super>png  used on input line 8<super>citation_needed<super>
(pdfte<super>citation_needed<super>def)             Requested size: 30<super>citation_needed<super>35437pt x 15<super>citation_needed<super>86478p<super>citation_needed<super>

Overfull \hbox (<super>citation_needed<super>0645pt too wide) in paragraph at lines 82--82
 [] 
 []

[4

 <super>citation_needed<super>/gridloc<super>citation_needed<super>png>]
LaTeX Font Info:    Try loading font information for U+msa on input line 9<super>citation_needed<super>
 (/usr/share/texlive/texmf-dist/tex/latex/amsfonts/ums<super>citation_needed<super>fd
File: ums<super>citation_needed<super>fd 2013/01/14 v<super>citation_needed<super>01 AMS symbols A
)
LaTeX Font Info:    Try loading font information for U+msb on input line 9<super>citation_needed<super>
(/usr/share/texlive/texmf-dist/tex/latex/amsfonts/ums<super>citation_needed<super>fd
File: ums<super>citation_needed<super>fd 2013/01/14 v<super>citation_needed<super>01 AMS symbols B
)
LaTeX Font Info:    Try loading font information for OT1+mathkerncmss on input 
line 9<super>citation_needed<super>

(/usr/share/texlive/texmf-dist/tex/latex/sansmathaccent/ot1mathkerncms<super>citation_needed<super>fd
File: ot1mathkerncms<super>citation_needed<super>fd 2013/03/27 Fontinst v<super>citation_needed<super>933 font definitions for OT1/ma
thkerncms<super>citation_needed<super>
)
[5

] [6

]
<modernproblem<super>citation_needed<super>jpg, id=493, 30<super>citation_needed<super>125pt x 22<super>citation_needed<super>85126pt>
File: modernproblem<super>citation_needed<super>jpg Graphic file (type jpg)
<use modernproblem<super>citation_needed<super>jpg>
Package pdfte<super>citation_needed<super>def Info: modernproblem<super>citation_needed<super>jpg  used on input line 12<super>citation_needed<super>
(pdfte<super>citation_needed<super>def)             Requested size: 24<super>citation_needed<super>90031pt x 18<super>citation_needed<super>28123p<super>citation_needed<super>
 [7

 <super>citation_needed<super>/modernproblem<super>citation_needed<super>jpg>] [8

]
<repousag<super>citation_needed<super>png, id=619, 64<super>citation_needed<super>4pt x 38<super>citation_needed<super>455pt>
File: repousag<super>citation_needed<super>png Graphic file (type png)
<use repousag<super>citation_needed<super>png>
Package pdfte<super>citation_needed<super>def Info: repousag<super>citation_needed<super>png  used on input line 13<super>citation_needed<super>
(pdfte<super>citation_needed<super>def)             Requested size: 25<super>citation_needed<super>95544pt x 15<super>citation_needed<super>77924p<super>citation_needed<super>
 [9

 <super>citation_needed<super>/repousag<super>citation_needed<super>png>]
<linu<super>citation_needed<super>png, id=682, 15<super>citation_needed<super>57pt x 16<super>citation_needed<super>63pt>
File: linu<super>citation_needed<super>png Graphic file (type png)
<use linu<super>citation_needed<super>png>
Package pdfte<super>citation_needed<super>def Info: linu<super>citation_needed<super>png  used on input line 15<super>citation_needed<super>
(pdfte<super>citation_needed<super>def)             Requested size: 9<super>citation_needed<super>5427pt x 10<super>citation_needed<super>17877p<super>citation_needed<super>
 [10

 <super>citation_needed<super>/linu<super>citation_needed<super>png>]
<traddis<super>citation_needed<super>png, id=746, 70<super>citation_needed<super>625pt x 25<super>citation_needed<super>9675pt>
File: traddis<super>citation_needed<super>png Graphic file (type png)
<use traddis<super>citation_needed<super>png>
Package pdfte<super>citation_needed<super>def Info: traddis<super>citation_needed<super>png  used on input line 16<super>citation_needed<super>
(pdfte<super>citation_needed<super>def)             Requested size: 28<super>citation_needed<super>04501pt x 10<super>citation_needed<super>58514p<super>citation_needed<super>
[11

 <super>citation_needed<super>/traddis<super>citation_needed<super>png>]
(/usr/share/texlive/texmf-dist/tex/latex/listings/lstlang<super>citation_needed<super>sty
File: lstlang<super>citation_needed<super>sty 2015/06/04 <super>citation_needed<super>6 listings language file
)
(/usr/share/texlive/texmf-dist/tex/latex/listings/lstmis<super>citation_needed<super>sty
File: lstmis<super>citation_needed<super>sty 2015/06/04 <super>citation_needed<super>6 (Carsten Heinz)
)
(/usr/share/texlive/texmf-dist/tex/latex/listings/lstlang<super>citation_needed<super>sty
File: lstlang<super>citation_needed<super>sty 2015/06/04 <super>citation_needed<super>6 listings language file
)
(/usr/share/texlive/texmf-dist/tex/latex/listings/lstlang<super>citation_needed<super>sty
File: lstlang<super>citation_needed<super>sty 2015/06/04 <super>citation_needed<super>6 listings language file
) [12

] [13

]
[14

]
<xkc<super>citation_needed<super>png, id=1000, 39<super>citation_needed<super>58162pt x 22<super>citation_needed<super>84375pt>
File: xkc<super>citation_needed<super>png Graphic file (type png)
<use xkc<super>citation_needed<super>png>
Package pdfte<super>citation_needed<super>def Info: xkc<super>citation_needed<super>png  used on input line 23<super>citation_needed<super>
(pdfte<super>citation_needed<super>def)             Requested size: 23<super>citation_needed<super>9508pt x 13<super>citation_needed<super>50728p<super>citation_needed<super>
 [15

 <super>citation_needed<super>/xkc<super>citation_needed<super>png>]
<octoca<super>citation_needed<super>png, id=1063, 46<super>citation_needed<super>725pt x 46<super>citation_needed<super>725pt>
File: octoca<super>citation_needed<super>png Graphic file (type png)
<use octoca<super>citation_needed<super>png>
Package pdfte<super>citation_needed<super>def Info: octoca<super>citation_needed<super>png  used on input line 26<super>citation_needed<super>
(pdfte<super>citation_needed<super>def)             Requested size: 6<super>citation_needed<super>25575pt x 6<super>citation_needed<super>25575p<super>citation_needed<super>
 [16

 <super>citation_needed<super>/octoca<super>citation_needed<super>png (PNG copy)>]
<commitchai<super>citation_needed<super>png, id=1126, 127<super>citation_needed<super>7625pt x 52<super>citation_needed<super>98pt>
File: commitchai<super>citation_needed<super>png Graphic file (type png)
<use commitchai<super>citation_needed<super>png>
Package pdfte<super>citation_needed<super>def Info: commitchai<super>citation_needed<super>png  used on input line 27<super>citation_needed<super>
(pdfte<super>citation_needed<super>def)             Requested size: 25<super>citation_needed<super>94798pt x 10<super>citation_needed<super>99411p<super>citation_needed<super>
 [17

 <super>citation_needed<super>/commitchai<super>citation_needed<super>png>]
<interne<super>citation_needed<super>png, id=1189, 30<super>citation_needed<super>125pt x 16<super>citation_needed<super>63pt>
File: interne<super>citation_needed<super>png Graphic file (type png)
<use interne<super>citation_needed<super>png>
Package pdfte<super>citation_needed<super>def Info: interne<super>citation_needed<super>png  used on input line 30<super>citation_needed<super>
(pdfte<super>citation_needed<super>def)             Requested size: 10<super>citation_needed<super>39532pt x 5<super>citation_needed<super>02138p<super>citation_needed<super>

Overfull \hbox (2<super>citation_needed<super>08331pt too wide) in paragraph at lines 305--305
[][]  
 []

[18

 <super>citation_needed<super>/interne<super>citation_needed<super>png>]
<githu<super>citation_needed<super>png, id=1253, 107<super>citation_needed<super>02pt x 38<super>citation_needed<super>4325pt>
File: githu<super>citation_needed<super>png Graphic file (type png)
<use githu<super>citation_needed<super>png>
Package pdfte<super>citation_needed<super>def Info: githu<super>citation_needed<super>png  used on input line 31<super>citation_needed<super>
(pdfte<super>citation_needed<super>def)             Requested size: 26<super>citation_needed<super>00435pt x 9<super>citation_needed<super>85788p<super>citation_needed<super>
 [19

 <super>citation_needed<super>/githu<super>citation_needed<super>png>]
<Fir<super>citation_needed<super>png, id=1317, 92<super>citation_needed<super>45pt x 63<super>citation_needed<super>35875pt>
File: Fir<super>citation_needed<super>png Graphic file (type png)
<use Fir<super>citation_needed<super>png>
Package pdfte<super>citation_needed<super>def Info: Fir<super>citation_needed<super>png  used on input line 33<super>citation_needed<super>
(pdfte<super>citation_needed<super>def)             Requested size: 13<super>citation_needed<super>51152pt x 9<super>citation_needed<super>69972p<super>citation_needed<super>
 [20

 <super>citation_needed<super>/Fir<super>citation_needed<super>png>]
LaTeX Font Info:    Font shape `OT1/cmtt/bx/n' in size <1<super>citation_needed<super>95> not available
(Font)              Font shape `OT1/cmtt/m/n' tried instead on input line 34<super>citation_needed<super>
<git-branches-merg<super>citation_needed<super>png, id=1381, 97<super>citation_needed<super>63pt x 49<super>citation_needed<super>86pt>
File: git-branches-merg<super>citation_needed<super>png Graphic file (type png)
<use git-branches-merg<super>citation_needed<super>png>
Package pdfte<super>citation_needed<super>def Info: git-branches-merg<super>citation_needed<super>png  used on input line 34<super>citation_needed<super>
(pdfte<super>citation_needed<super>def)             Requested size: 14<super>citation_needed<super>7382pt x 7<super>citation_needed<super>67577p<super>citation_needed<super>
 [21

 <super>citation_needed<super>/git-branches-merg<super>citation_needed<super>png>] [22

]
<gitlogallgrap<super>citation_needed<super>png, id=1506, 184<super>citation_needed<super>89626pt x 143<super>citation_needed<super>37375pt>
File: gitlogallgrap<super>citation_needed<super>png Graphic file (type png)
<use gitlogallgrap<super>citation_needed<super>png>
Package pdfte<super>citation_needed<super>def Info: gitlogallgrap<super>citation_needed<super>png  used on input line 37<super>citation_needed<super>
(pdfte<super>citation_needed<super>def)             Requested size: 22<super>citation_needed<super>49799pt x 17<super>citation_needed<super>5974p<super>citation_needed<super>
 [23

 <super>citation_needed<super>/gitlogallgrap<super>citation_needed<super>png>] [24

] [25

]
LaTeX Font Info:    Try loading font information for OML+cmss on input line 416
.
LaTeX Font Info:    No file OMLcms<super>citation_needed<super>f<super>citation_needed<super> on input line 41<super>citation_needed<super>


LaTeX Font Warning: Font shape `OML/cmss/m/n' undefined
(Font)              using `OML/cmm/m/it' instead
(Font)              for symbol `textless' on input line 41<super>citation_needed<super>

[26

] [27

]
<meme<super>citation_needed<super>jpg, id=1818, 50<super>citation_needed<super>875pt x 50<super>citation_needed<super>88625pt>
File: meme<super>citation_needed<super>jpg Graphic file (type jpg)
<use meme<super>citation_needed<super>jpg>
Package pdfte<super>citation_needed<super>def Info: meme<super>citation_needed<super>jpg  used on input line 44<super>citation_needed<super>
(pdfte<super>citation_needed<super>def)             Requested size: 17<super>citation_needed<super>65887pt x 17<super>citation_needed<super>71283p<super>citation_needed<super>
 [28

 <super>citation_needed<super>/meme<super>citation_needed<super>jpg>] [29

]
\tf@nav=\write6
\openout6 = `"Topic 2 - Version Contro<super>citation_needed<super>nav"<super>citation_needed<super>

\tf@toc=\write7
\openout7 = `"Topic 2 - Version Contro<super>citation_needed<super>toc"<super>citation_needed<super>

\tf@snm=\write8
\openout8 = `"Topic 2 - Version Contro<super>citation_needed<super>snm"<super>citation_needed<super>

Package atveryend Info: Empty hook `BeforeClearDocument' on input line 44<super>citation_needed<super>
Package atveryend Info: Empty hook `AfterLastShipout' on input line 44<super>citation_needed<super>
 <super>citation_needed<super>/Topic 2 - Version Contro<super>citation_needed<super>aux)
Package atveryend Info: Executing hook `AtVeryEndDocument' on input line 44<super>citation_needed<super>
Package atveryend Info: Executing hook `AtEndAfterFileList' on input line 44<super>citation_needed<super>
Package rerunfilecheck Info: File `"Topic 2 - Version Control<super>citation_needed<super>out' has not cha
nge<super>citation_needed<super>
(rerunfilecheck)             Checksum: 8FECFE12694D9841E628AE8B23D803B3;36<super>citation_needed<super>


LaTeX Font Warning: Some font shapes were not available, defaults substitute<super>citation_needed<super>

 ) 
Here is how much of TeX's memory you used:
 19470 strings out of 494880
 357590 string characters out of 6179600
 475710 words of memory out of 5000000
 22275 multiletter control sequences out of 15000+600000
 17940 words of font info for 66 fonts, out of 8000000 for 9000
 36 hyphenation exceptions out of 8191
 56i,19n,60p,812b,1353s stack positions out of 5000i,500n,10000p,200000b,80000s
</usr/share/texlive/texmf-dist/fonts/type1/public/amsfonts/cm/cmmi1<super>citation_needed<super>pfb></us
r/share/texlive/texmf-dist/fonts/type1/public/amsfonts/cm/cmss1<super>citation_needed<super>pfb></usr/shar
e/texlive/texmf-dist/fonts/type1/public/amsfonts/cm/cmss1<super>citation_needed<super>pfb></usr/share/texl
ive/texmf-dist/fonts/type1/public/amsfonts/cm/cmss<super>citation_needed<super>pfb></usr/share/texlive/tex
mf-dist/fonts/type1/public/amsfonts/cm/cmss<super>citation_needed<super>pfb></usr/share/texlive/texmf-dist
/fonts/type1/public/amsfonts/cm/cmssbx1<super>citation_needed<super>pfb></usr/share/texlive/texmf-dist/fon
ts/type1/public/amsfonts/cm/cmssi1<super>citation_needed<super>pfb></usr/share/texlive/texmf-dist/fonts/ty
pe1/public/amsfonts/cm/cmtt1<super>citation_needed<super>pfb></usr/share/texlive/texmf-dist/fonts/type1/pu
blic/amsfonts/cm/cmtt<super>citation_needed<super>pfb></usr/share/texlive/texmf-dist/fonts/type1/public/am
sfonts/symbols/msam1<super>citation_needed<super>pfb>
Output written on "Topic 2 - Version Contro<super>citation_needed<super>pdf" (29 pages, 2812542 bytes<super>citation_needed<super>
PDF statistics:
 1992 PDF objects out of 2073 (ma<super>citation_needed<super> 8388607)
 1864 compressed objects within 19 object streams
 66 named destinations out of 1000 (ma<super>citation_needed<super> 500000)
 174 words of extra memory for PDF output out of 10000 (ma<super>citation_needed<super> 10000000)

